{"C:\\Users\\usersgd\\Desktop\\Talha_Projects\\agile-content-search\\src\\App.tsx": {"path":"C:\\Users\\usersgd\\Desktop\\Talha_Projects\\agile-content-search\\src\\App.tsx","statementMap":{"0":{"start":{"line":7,"column":0},"end":{"line":7,"column":24}},"1":{"start":{"line":1,"column":0},"end":{"line":1,"column":73}},"2":{"start":{"line":2,"column":0},"end":{"line":2,"column":47}},"3":{"start":{"line":3,"column":0},"end":{"line":3,"column":31}},"4":{"start":{"line":4,"column":0},"end":{"line":4,"column":37}},"5":{"start":{"line":5,"column":0},"end":{"line":5,"column":49}},"6":{"start":{"line":8,"column":2},"end":{"line":18,"column":null}}},"fnMap":{"0":{"name":"App","decl":{"start":{"line":7,"column":24},"end":{"line":7,"column":27}},"loc":{"start":{"line":7,"column":27},"end":{"line":19,"column":1}}}},"branchMap":{},"s":{"0":1,"1":1,"2":1,"3":1,"4":1,"5":1,"6":1},"f":{"0":1},"b":{}}
,"C:\\Users\\usersgd\\Desktop\\Talha_Projects\\agile-content-search\\src\\components\\Footer\\Footer.tsx": {"path":"C:\\Users\\usersgd\\Desktop\\Talha_Projects\\agile-content-search\\src\\components\\Footer\\Footer.tsx","statementMap":{"0":{"start":{"line":1,"column":0},"end":{"line":1,"column":28}},"1":{"start":{"line":2,"column":0},"end":{"line":2,"column":40}},"2":{"start":{"line":4,"column":15},"end":{"line":13,"column":1}},"3":{"start":{"line":5,"column":2},"end":{"line":12,"column":null}},"4":{"start":{"line":15,"column":0},"end":{"line":15,"column":null}}},"fnMap":{"0":{"name":"(anonymous_1)","decl":{"start":{"line":4,"column":15},"end":{"line":4,"column":18}},"loc":{"start":{"line":4,"column":20},"end":{"line":13,"column":1}}}},"branchMap":{},"s":{"0":2,"1":2,"2":2,"3":3,"4":2},"f":{"0":3},"b":{}}
,"C:\\Users\\usersgd\\Desktop\\Talha_Projects\\agile-content-search\\src\\components\\Header\\Header.tsx": {"path":"C:\\Users\\usersgd\\Desktop\\Talha_Projects\\agile-content-search\\src\\components\\Header\\Header.tsx","statementMap":{"0":{"start":{"line":1,"column":0},"end":{"line":1,"column":28}},"1":{"start":{"line":2,"column":0},"end":{"line":2,"column":40}},"2":{"start":{"line":3,"column":0},"end":{"line":3,"column":52}},"3":{"start":{"line":4,"column":0},"end":{"line":4,"column":39}},"4":{"start":{"line":14,"column":15},"end":{"line":52,"column":1}},"5":{"start":{"line":15,"column":2},"end":{"line":51,"column":null}},"6":{"start":{"line":54,"column":0},"end":{"line":54,"column":null}}},"fnMap":{"0":{"name":"(anonymous_1)","decl":{"start":{"line":14,"column":15},"end":{"line":14,"column":16}},"loc":{"start":{"line":14,"column":91},"end":{"line":52,"column":1}}}},"branchMap":{"0":{"loc":{"start":{"line":14,"column":44},"end":{"line":14,"column":62}},"type":"default-arg","locations":[{"start":{"line":14,"column":57},"end":{"line":14,"column":62}}]},"1":{"loc":{"start":{"line":17,"column":7},"end":{"line":39,"column":null}},"type":"cond-expr","locations":[{"start":{"line":18,"column":8},"end":{"line":33,"column":null}},{"start":{"line":36,"column":8},"end":{"line":38,"column":null}}]}},"s":{"0":3,"1":3,"2":3,"3":3,"4":3,"5":12,"6":3},"f":{"0":12},"b":{"0":[10],"1":[2,10]}}
,"C:\\Users\\usersgd\\Desktop\\Talha_Projects\\agile-content-search\\src\\components\\Modal\\Modal.tsx": {"path":"C:\\Users\\usersgd\\Desktop\\Talha_Projects\\agile-content-search\\src\\components\\Modal\\Modal.tsx","statementMap":{"0":{"start":{"line":1,"column":0},"end":{"line":1,"column":54}},"1":{"start":{"line":2,"column":0},"end":{"line":2,"column":39}},"2":{"start":{"line":9,"column":14},"end":{"line":32,"column":1}},"3":{"start":{"line":10,"column":19},"end":{"line":10,"column":47}},"4":{"start":{"line":12,"column":2},"end":{"line":23,"column":null}},"5":{"start":{"line":13,"column":31},"end":{"line":17,"column":5}},"6":{"start":{"line":14,"column":6},"end":{"line":16,"column":7}},"7":{"start":{"line":15,"column":8},"end":{"line":15,"column":null}},"8":{"start":{"line":19,"column":4},"end":{"line":19,"column":null}},"9":{"start":{"line":20,"column":4},"end":{"line":22,"column":null}},"10":{"start":{"line":21,"column":6},"end":{"line":21,"column":null}},"11":{"start":{"line":25,"column":2},"end":{"line":31,"column":null}},"12":{"start":{"line":34,"column":0},"end":{"line":34,"column":null}}},"fnMap":{"0":{"name":"(anonymous_1)","decl":{"start":{"line":9,"column":14},"end":{"line":9,"column":15}},"loc":{"start":{"line":9,"column":52},"end":{"line":32,"column":1}}},"1":{"name":"(anonymous_2)","decl":{"start":{"line":12,"column":12},"end":{"line":12,"column":15}},"loc":{"start":{"line":12,"column":17},"end":{"line":23,"column":3}}},"2":{"name":"(anonymous_3)","decl":{"start":{"line":13,"column":31},"end":{"line":13,"column":32}},"loc":{"start":{"line":13,"column":53},"end":{"line":17,"column":5}}},"3":{"name":"(anonymous_4)","decl":{"start":{"line":20,"column":11},"end":{"line":20,"column":14}},"loc":{"start":{"line":20,"column":16},"end":{"line":22,"column":5}}}},"branchMap":{"0":{"loc":{"start":{"line":14,"column":6},"end":{"line":16,"column":7}},"type":"if","locations":[{"start":{"line":14,"column":6},"end":{"line":16,"column":7}}]},"1":{"loc":{"start":{"line":14,"column":10},"end":{"line":14,"column":78}},"type":"binary-expr","locations":[{"start":{"line":14,"column":10},"end":{"line":14,"column":26}},{"start":{"line":14,"column":30},"end":{"line":14,"column":78}}]}},"s":{"0":2,"1":2,"2":2,"3":3,"4":3,"5":3,"6":1,"7":0,"8":3,"9":3,"10":3,"11":3,"12":2},"f":{"0":3,"1":3,"2":1,"3":3},"b":{"0":[0],"1":[1,1]}}
,"C:\\Users\\usersgd\\Desktop\\Talha_Projects\\agile-content-search\\src\\components\\SearchInput\\SearchInput.tsx": {"path":"C:\\Users\\usersgd\\Desktop\\Talha_Projects\\agile-content-search\\src\\components\\SearchInput\\SearchInput.tsx","statementMap":{"0":{"start":{"line":2,"column":0},"end":{"line":2,"column":45}},"1":{"start":{"line":13,"column":20},"end":{"line":69,"column":1}},"2":{"start":{"line":14,"column":24},"end":{"line":18,"column":3}},"3":{"start":{"line":15,"column":4},"end":{"line":17,"column":5}},"4":{"start":{"line":16,"column":6},"end":{"line":16,"column":null}},"5":{"start":{"line":20,"column":2},"end":{"line":68,"column":null}},"6":{"start":{"line":71,"column":0},"end":{"line":71,"column":null}}},"fnMap":{"0":{"name":"(anonymous_1)","decl":{"start":{"line":13,"column":20},"end":{"line":13,"column":21}},"loc":{"start":{"line":13,"column":108},"end":{"line":69,"column":1}}},"1":{"name":"(anonymous_2)","decl":{"start":{"line":14,"column":24},"end":{"line":14,"column":25}},"loc":{"start":{"line":14,"column":69},"end":{"line":18,"column":3}}}},"branchMap":{"0":{"loc":{"start":{"line":15,"column":4},"end":{"line":17,"column":5}},"type":"if","locations":[{"start":{"line":15,"column":4},"end":{"line":17,"column":5}}]},"1":{"loc":{"start":{"line":48,"column":7},"end":{"line":65,"column":null}},"type":"binary-expr","locations":[{"start":{"line":48,"column":7},"end":{"line":48,"column":12}},{"start":{"line":49,"column":8},"end":{"line":64,"column":null}}]}},"s":{"0":4,"1":4,"2":30,"3":26,"4":1,"5":30,"6":4},"f":{"0":30,"1":26},"b":{"0":[1],"1":[30,17]}}
,"C:\\Users\\usersgd\\Desktop\\Talha_Projects\\agile-content-search\\src\\components\\Skeleton\\Skeleton.tsx": {"path":"C:\\Users\\usersgd\\Desktop\\Talha_Projects\\agile-content-search\\src\\components\\Skeleton\\Skeleton.tsx","statementMap":{"0":{"start":{"line":1,"column":0},"end":{"line":1,"column":28}},"1":{"start":{"line":2,"column":0},"end":{"line":2,"column":42}},"2":{"start":{"line":10,"column":17},"end":{"line":13,"column":1}},"3":{"start":{"line":11,"column":24},"end":{"line":11,"column":63}},"4":{"start":{"line":12,"column":2},"end":{"line":12,"column":null}},"5":{"start":{"line":15,"column":0},"end":{"line":15,"column":null}}},"fnMap":{"0":{"name":"(anonymous_1)","decl":{"start":{"line":10,"column":17},"end":{"line":10,"column":18}},"loc":{"start":{"line":10,"column":91},"end":{"line":13,"column":1}}}},"branchMap":{"0":{"loc":{"start":{"line":10,"column":20},"end":{"line":10,"column":35}},"type":"default-arg","locations":[{"start":{"line":10,"column":29},"end":{"line":10,"column":35}}]},"1":{"loc":{"start":{"line":10,"column":37},"end":{"line":10,"column":51}},"type":"default-arg","locations":[{"start":{"line":10,"column":45},"end":{"line":10,"column":51}}]},"2":{"loc":{"start":{"line":10,"column":53},"end":{"line":10,"column":70}},"type":"default-arg","locations":[{"start":{"line":10,"column":63},"end":{"line":10,"column":70}}]}},"s":{"0":3,"1":3,"2":3,"3":18,"4":18,"5":3},"f":{"0":18},"b":{"0":[2],"1":[2],"2":[17]}}
,"C:\\Users\\usersgd\\Desktop\\Talha_Projects\\agile-content-search\\src\\hooks\\useDebounce.ts": {"path":"C:\\Users\\usersgd\\Desktop\\Talha_Projects\\agile-content-search\\src\\hooks\\useDebounce.ts","statementMap":{"0":{"start":{"line":1,"column":0},"end":{"line":1,"column":43}},"1":{"start":{"line":4,"column":46},"end":{"line":4,"column":61}},"2":{"start":{"line":6,"column":2},"end":{"line":14,"column":null}},"3":{"start":{"line":7,"column":20},"end":{"line":9,"column":13}},"4":{"start":{"line":8,"column":6},"end":{"line":8,"column":null}},"5":{"start":{"line":11,"column":4},"end":{"line":13,"column":null}},"6":{"start":{"line":12,"column":6},"end":{"line":12,"column":null}},"7":{"start":{"line":16,"column":2},"end":{"line":16,"column":null}},"8":{"start":{"line":19,"column":0},"end":{"line":19,"column":null}}},"fnMap":{"0":{"name":"useDebounce","decl":{"start":{"line":3,"column":9},"end":{"line":3,"column":20}},"loc":{"start":{"line":3,"column":47},"end":{"line":17,"column":1}}},"1":{"name":"(anonymous_1)","decl":{"start":{"line":6,"column":12},"end":{"line":6,"column":15}},"loc":{"start":{"line":6,"column":17},"end":{"line":14,"column":3}}},"2":{"name":"(anonymous_2)","decl":{"start":{"line":7,"column":31},"end":{"line":7,"column":34}},"loc":{"start":{"line":7,"column":36},"end":{"line":9,"column":5}}},"3":{"name":"(anonymous_3)","decl":{"start":{"line":11,"column":11},"end":{"line":11,"column":14}},"loc":{"start":{"line":11,"column":16},"end":{"line":13,"column":5}}}},"branchMap":{},"s":{"0":1,"1":0,"2":0,"3":0,"4":0,"5":0,"6":0,"7":0,"8":1},"f":{"0":0,"1":0,"2":0,"3":0},"b":{}}
,"C:\\Users\\usersgd\\Desktop\\Talha_Projects\\agile-content-search\\src\\pages\\ErrorBoundary\\index.tsx": {"path":"C:\\Users\\usersgd\\Desktop\\Talha_Projects\\agile-content-search\\src\\pages\\ErrorBoundary\\index.tsx","statementMap":{"0":{"start":{"line":1,"column":0},"end":{"line":1,"column":55}},"1":{"start":{"line":12,"column":9},"end":{"line":14,"column":null}},"2":{"start":{"line":18,"column":4},"end":{"line":18,"column":null}},"3":{"start":{"line":22,"column":4},"end":{"line":22,"column":null}},"4":{"start":{"line":26,"column":4},"end":{"line":28,"column":5}},"5":{"start":{"line":27,"column":6},"end":{"line":27,"column":null}},"6":{"start":{"line":30,"column":4},"end":{"line":30,"column":null}},"7":{"start":{"line":34,"column":0},"end":{"line":34,"column":null}}},"fnMap":{"0":{"name":"(anonymous_0)","decl":{"start":{"line":11,"column":0},"end":{"line":11,"column":6}},"loc":{"start":{"line":11,"column":0},"end":{"line":32,"column":1}}},"1":{"name":"(anonymous_1)","decl":{"start":{"line":16,"column":9},"end":{"line":16,"column":15}},"loc":{"start":{"line":16,"column":49},"end":{"line":19,"column":3}}},"2":{"name":"(anonymous_2)","decl":{"start":{"line":21,"column":9},"end":{"line":21,"column":26}},"loc":{"start":{"line":21,"column":61},"end":{"line":23,"column":3}}},"3":{"name":"(anonymous_3)","decl":{"start":{"line":25,"column":9},"end":{"line":25,"column":15}},"loc":{"start":{"line":25,"column":15},"end":{"line":31,"column":3}}}},"branchMap":{"0":{"loc":{"start":{"line":26,"column":4},"end":{"line":28,"column":5}},"type":"if","locations":[{"start":{"line":26,"column":4},"end":{"line":28,"column":5}}]}},"s":{"0":1,"1":1,"2":0,"3":0,"4":1,"5":0,"6":1,"7":1},"f":{"0":1,"1":0,"2":0,"3":1},"b":{"0":[0]}}
,"C:\\Users\\usersgd\\Desktop\\Talha_Projects\\agile-content-search\\src\\pages\\Home\\index.tsx": {"path":"C:\\Users\\usersgd\\Desktop\\Talha_Projects\\agile-content-search\\src\\pages\\Home\\index.tsx","statementMap":{"0":{"start":{"line":1,"column":0},"end":{"line":1,"column":32}},"1":{"start":{"line":2,"column":0},"end":{"line":2,"column":66}},"2":{"start":{"line":3,"column":0},"end":{"line":3,"column":46}},"3":{"start":{"line":4,"column":0},"end":{"line":4,"column":38}},"4":{"start":{"line":5,"column":0},"end":{"line":5,"column":51}},"5":{"start":{"line":8,"column":38},"end":{"line":8,"column":50}},"6":{"start":{"line":9,"column":19},"end":{"line":9,"column":32}},"7":{"start":{"line":11,"column":29},"end":{"line":13,"column":3}},"8":{"start":{"line":12,"column":4},"end":{"line":12,"column":null}},"9":{"start":{"line":15,"column":23},"end":{"line":17,"column":3}},"10":{"start":{"line":16,"column":4},"end":{"line":16,"column":null}},"11":{"start":{"line":19,"column":22},"end":{"line":21,"column":3}},"12":{"start":{"line":20,"column":4},"end":{"line":20,"column":null}},"13":{"start":{"line":23,"column":2},"end":{"line":40,"column":null}},"14":{"start":{"line":43,"column":0},"end":{"line":43,"column":null}}},"fnMap":{"0":{"name":"Home","decl":{"start":{"line":7,"column":9},"end":{"line":7,"column":13}},"loc":{"start":{"line":7,"column":13},"end":{"line":41,"column":1}}},"1":{"name":"(anonymous_2)","decl":{"start":{"line":11,"column":29},"end":{"line":11,"column":30}},"loc":{"start":{"line":11,"column":72},"end":{"line":13,"column":3}}},"2":{"name":"(anonymous_3)","decl":{"start":{"line":15,"column":23},"end":{"line":15,"column":26}},"loc":{"start":{"line":15,"column":28},"end":{"line":17,"column":3}}},"3":{"name":"(anonymous_4)","decl":{"start":{"line":19,"column":22},"end":{"line":19,"column":25}},"loc":{"start":{"line":19,"column":27},"end":{"line":21,"column":3}}}},"branchMap":{},"s":{"0":2,"1":2,"2":2,"3":2,"4":2,"5":22,"6":22,"7":22,"8":13,"9":22,"10":1,"11":22,"12":1,"13":22,"14":2},"f":{"0":22,"1":13,"2":1,"3":1},"b":{}}
,"C:\\Users\\usersgd\\Desktop\\Talha_Projects\\agile-content-search\\src\\pages\\Results\\index.tsx": {"path":"C:\\Users\\usersgd\\Desktop\\Talha_Projects\\agile-content-search\\src\\pages\\Results\\index.tsx","statementMap":{"0":{"start":{"line":1,"column":0},"end":{"line":1,"column":43}},"1":{"start":{"line":2,"column":0},"end":{"line":2,"column":51}},"2":{"start":{"line":3,"column":0},"end":{"line":3,"column":42}},"3":{"start":{"line":4,"column":0},"end":{"line":4,"column":41}},"4":{"start":{"line":6,"column":0},"end":{"line":6,"column":48}},"5":{"start":{"line":7,"column":0},"end":{"line":7,"column":50}},"6":{"start":{"line":8,"column":0},"end":{"line":8,"column":49}},"7":{"start":{"line":9,"column":0},"end":{"line":9,"column":49}},"8":{"start":{"line":10,"column":0},"end":{"line":10,"column":41}},"9":{"start":{"line":11,"column":0},"end":{"line":11,"column":52}},"10":{"start":{"line":14,"column":42},"end":{"line":14,"column":72}},"11":{"start":{"line":15,"column":42},"end":{"line":15,"column":59}},"12":{"start":{"line":16,"column":16},"end":{"line":16,"column":48}},"13":{"start":{"line":17,"column":40},"end":{"line":17,"column":55}},"14":{"start":{"line":18,"column":31},"end":{"line":18,"column":60}},"15":{"start":{"line":19,"column":28},"end":{"line":19,"column":63}},"16":{"start":{"line":21,"column":2},"end":{"line":24,"column":null}},"17":{"start":{"line":22,"column":4},"end":{"line":22,"column":null}},"18":{"start":{"line":23,"column":4},"end":{"line":23,"column":null}},"19":{"start":{"line":26,"column":29},"end":{"line":26,"column":75}},"20":{"start":{"line":26,"column":35},"end":{"line":26,"column":75}},"21":{"start":{"line":28,"column":22},"end":{"line":31,"column":3}},"22":{"start":{"line":29,"column":4},"end":{"line":29,"column":null}},"23":{"start":{"line":30,"column":4},"end":{"line":30,"column":null}},"24":{"start":{"line":33,"column":27},"end":{"line":37,"column":3}},"25":{"start":{"line":34,"column":4},"end":{"line":36,"column":5}},"26":{"start":{"line":35,"column":6},"end":{"line":35,"column":null}},"27":{"start":{"line":39,"column":21},"end":{"line":41,"column":3}},"28":{"start":{"line":40,"column":4},"end":{"line":40,"column":null}},"29":{"start":{"line":40,"column":33},"end":{"line":40,"column":null}},"30":{"start":{"line":43,"column":2},"end":{"line":88,"column":null}},"31":{"start":{"line":47,"column":25},"end":{"line":47,"column":55}},"32":{"start":{"line":91,"column":0},"end":{"line":91,"column":null}}},"fnMap":{"0":{"name":"Results","decl":{"start":{"line":13,"column":9},"end":{"line":13,"column":16}},"loc":{"start":{"line":13,"column":16},"end":{"line":89,"column":1}}},"1":{"name":"(anonymous_2)","decl":{"start":{"line":21,"column":12},"end":{"line":21,"column":15}},"loc":{"start":{"line":21,"column":17},"end":{"line":24,"column":3}}},"2":{"name":"(anonymous_3)","decl":{"start":{"line":26,"column":29},"end":{"line":26,"column":32}},"loc":{"start":{"line":26,"column":35},"end":{"line":26,"column":75}}},"3":{"name":"(anonymous_4)","decl":{"start":{"line":28,"column":22},"end":{"line":28,"column":25}},"loc":{"start":{"line":28,"column":27},"end":{"line":31,"column":3}}},"4":{"name":"(anonymous_5)","decl":{"start":{"line":33,"column":27},"end":{"line":33,"column":28}},"loc":{"start":{"line":33,"column":45},"end":{"line":37,"column":3}}},"5":{"name":"(anonymous_6)","decl":{"start":{"line":39,"column":21},"end":{"line":39,"column":24}},"loc":{"start":{"line":39,"column":26},"end":{"line":41,"column":3}}},"6":{"name":"(anonymous_7)","decl":{"start":{"line":47,"column":18},"end":{"line":47,"column":19}},"loc":{"start":{"line":47,"column":25},"end":{"line":47,"column":55}}}},"branchMap":{"0":{"loc":{"start":{"line":16,"column":16},"end":{"line":16,"column":48}},"type":"binary-expr","locations":[{"start":{"line":16,"column":16},"end":{"line":16,"column":42}},{"start":{"line":16,"column":46},"end":{"line":16,"column":48}}]},"1":{"loc":{"start":{"line":34,"column":4},"end":{"line":36,"column":5}},"type":"if","locations":[{"start":{"line":34,"column":4},"end":{"line":36,"column":5}}]},"2":{"loc":{"start":{"line":34,"column":20},"end":{"line":34,"column":36}},"type":"cond-expr","locations":[{"start":{"line":34,"column":32},"end":{"line":34,"column":34}},{"start":{"line":34,"column":20},"end":{"line":34,"column":36}}]},"3":{"loc":{"start":{"line":34,"column":20},"end":{"line":34,"column":34}},"type":"binary-expr","locations":[{"start":{"line":34,"column":20},"end":{"line":34,"column":34}},{"start":{"line":34,"column":20},"end":{"line":34,"column":34}}]},"4":{"loc":{"start":{"line":40,"column":4},"end":{"line":40,"column":null}},"type":"if","locations":[{"start":{"line":40,"column":4},"end":{"line":40,"column":null}}]},"5":{"loc":{"start":{"line":53,"column":7},"end":{"line":77,"column":null}},"type":"cond-expr","locations":[{"start":{"line":54,"column":8},"end":{"line":54,"column":24}},{"start":{"line":55,"column":10},"end":{"line":77,"column":null}}]},"6":{"loc":{"start":{"line":55,"column":10},"end":{"line":77,"column":null}},"type":"cond-expr","locations":[{"start":{"line":56,"column":8},"end":{"line":65,"column":null}},{"start":{"line":68,"column":8},"end":{"line":76,"column":null}}]},"7":{"loc":{"start":{"line":57,"column":11},"end":{"line":60,"column":null}},"type":"binary-expr","locations":[{"start":{"line":57,"column":11},"end":{"line":57,"column":31}},{"start":{"line":58,"column":12},"end":{"line":59,"column":null}}]},"8":{"loc":{"start":{"line":72,"column":11},"end":{"line":75,"column":null}},"type":"binary-expr","locations":[{"start":{"line":72,"column":11},"end":{"line":72,"column":23}},{"start":{"line":73,"column":12},"end":{"line":74,"column":null}}]},"9":{"loc":{"start":{"line":81,"column":9},"end":{"line":84,"column":null}},"type":"binary-expr","locations":[{"start":{"line":81,"column":9},"end":{"line":81,"column":21}},{"start":{"line":82,"column":10},"end":{"line":83,"column":null}}]}},"s":{"0":1,"1":1,"2":1,"3":1,"4":1,"5":1,"6":1,"7":1,"8":1,"9":1,"10":0,"11":0,"12":0,"13":0,"14":0,"15":0,"16":0,"17":0,"18":0,"19":0,"20":0,"21":0,"22":0,"23":0,"24":0,"25":0,"26":0,"27":0,"28":0,"29":0,"30":0,"31":0,"32":1},"f":{"0":0,"1":0,"2":0,"3":0,"4":0,"5":0,"6":0},"b":{"0":[0,0],"1":[0],"2":[0,0],"3":[0,0],"4":[0],"5":[0,0],"6":[0,0],"7":[0,0],"8":[0,0],"9":[0,0]}}
,"C:\\Users\\usersgd\\Desktop\\Talha_Projects\\agile-content-search\\src\\pages\\Results\\components\\Details\\index.tsx": {"path":"C:\\Users\\usersgd\\Desktop\\Talha_Projects\\agile-content-search\\src\\pages\\Results\\components\\Details\\index.tsx","statementMap":{"0":{"start":{"line":2,"column":0},"end":{"line":2,"column":41}},"1":{"start":{"line":8,"column":16},"end":{"line":25,"column":1}},"2":{"start":{"line":9,"column":2},"end":{"line":9,"column":19}},"3":{"start":{"line":9,"column":13},"end":{"line":9,"column":19}},"4":{"start":{"line":11,"column":2},"end":{"line":24,"column":null}},"5":{"start":{"line":27,"column":0},"end":{"line":27,"column":null}}},"fnMap":{"0":{"name":"(anonymous_1)","decl":{"start":{"line":8,"column":16},"end":{"line":8,"column":17}},"loc":{"start":{"line":8,"column":43},"end":{"line":25,"column":1}}}},"branchMap":{"0":{"loc":{"start":{"line":9,"column":2},"end":{"line":9,"column":19}},"type":"if","locations":[{"start":{"line":9,"column":2},"end":{"line":9,"column":19}}]}},"s":{"0":2,"1":2,"2":1,"3":0,"4":1,"5":2},"f":{"0":1},"b":{"0":[0]}}
,"C:\\Users\\usersgd\\Desktop\\Talha_Projects\\agile-content-search\\src\\pages\\Results\\components\\List\\List.tsx": {"path":"C:\\Users\\usersgd\\Desktop\\Talha_Projects\\agile-content-search\\src\\pages\\Results\\components\\List\\List.tsx","statementMap":{"0":{"start":{"line":2,"column":0},"end":{"line":2,"column":38}},"1":{"start":{"line":9,"column":13},"end":{"line":23,"column":1}},"2":{"start":{"line":10,"column":2},"end":{"line":22,"column":null}},"3":{"start":{"line":13,"column":8},"end":{"line":13,"column":26}},"4":{"start":{"line":13,"column":69},"end":{"line":13,"column":83}},"5":{"start":{"line":25,"column":0},"end":{"line":25,"column":null}}},"fnMap":{"0":{"name":"(anonymous_1)","decl":{"start":{"line":9,"column":13},"end":{"line":9,"column":14}},"loc":{"start":{"line":9,"column":48},"end":{"line":23,"column":1}}},"1":{"name":"(anonymous_2)","decl":{"start":{"line":12,"column":17},"end":{"line":12,"column":18}},"loc":{"start":{"line":13,"column":8},"end":{"line":13,"column":26}}},"2":{"name":"(anonymous_3)","decl":{"start":{"line":13,"column":63},"end":{"line":13,"column":66}},"loc":{"start":{"line":13,"column":69},"end":{"line":13,"column":83}}}},"branchMap":{},"s":{"0":2,"1":2,"2":3,"3":6,"4":1,"5":2},"f":{"0":3,"1":6,"2":1},"b":{}}
,"C:\\Users\\usersgd\\Desktop\\Talha_Projects\\agile-content-search\\src\\pages\\Results\\components\\SkeletonView\\index.tsx": {"path":"C:\\Users\\usersgd\\Desktop\\Talha_Projects\\agile-content-search\\src\\pages\\Results\\components\\SkeletonView\\index.tsx","statementMap":{"0":{"start":{"line":1,"column":0},"end":{"line":1,"column":28}},"1":{"start":{"line":2,"column":0},"end":{"line":2,"column":46}},"2":{"start":{"line":3,"column":0},"end":{"line":3,"column":63}},"3":{"start":{"line":6,"column":2},"end":{"line":16,"column":null}},"4":{"start":{"line":9,"column":8},"end":{"line":9,"column":null}},"5":{"start":{"line":19,"column":0},"end":{"line":19,"column":null}}},"fnMap":{"0":{"name":"SkeletonView","decl":{"start":{"line":5,"column":9},"end":{"line":5,"column":21}},"loc":{"start":{"line":5,"column":21},"end":{"line":17,"column":1}}},"1":{"name":"(anonymous_2)","decl":{"start":{"line":8,"column":25},"end":{"line":8,"column":26}},"loc":{"start":{"line":9,"column":8},"end":{"line":9,"column":null}}}},"branchMap":{},"s":{"0":2,"1":2,"2":2,"3":1,"4":5,"5":2},"f":{"0":1,"1":5},"b":{}}
,"C:\\Users\\usersgd\\Desktop\\Talha_Projects\\agile-content-search\\src\\pages\\Results\\hooks\\useAnimalData.ts": {"path":"C:\\Users\\usersgd\\Desktop\\Talha_Projects\\agile-content-search\\src\\pages\\Results\\hooks\\useAnimalData.ts","statementMap":{"0":{"start":{"line":1,"column":0},"end":{"line":1,"column":56}},"1":{"start":{"line":2,"column":0},"end":{"line":2,"column":39}},"2":{"start":{"line":5,"column":14},"end":{"line":5,"column":79}},"3":{"start":{"line":5,"column":30},"end":{"line":5,"column":79}},"4":{"start":{"line":5,"column":55},"end":{"line":5,"column":78}},"5":{"start":{"line":8,"column":21},"end":{"line":19,"column":1}},"6":{"start":{"line":9,"column":15},"end":{"line":9,"column":34}},"7":{"start":{"line":10,"column":2},"end":{"line":18,"column":null}},"8":{"start":{"line":21,"column":22},"end":{"line":32,"column":null}},"9":{"start":{"line":21,"column":72},"end":{"line":32,"column":null}},"10":{"start":{"line":22,"column":2},"end":{"line":22,"column":20}},"11":{"start":{"line":23,"column":2},"end":{"line":23,"column":null}},"12":{"start":{"line":23,"column":20},"end":{"line":23,"column":null}},"13":{"start":{"line":24,"column":18},"end":{"line":24,"column":84}},"14":{"start":{"line":24,"column":60},"end":{"line":24,"column":83}},"15":{"start":{"line":26,"column":26},"end":{"line":26,"column":51}},"16":{"start":{"line":27,"column":2},"end":{"line":31,"column":null}},"17":{"start":{"line":30,"column":6},"end":{"line":30,"column":113}},"18":{"start":{"line":34,"column":22},"end":{"line":50,"column":1}},"19":{"start":{"line":35,"column":26},"end":{"line":35,"column":49}},"20":{"start":{"line":36,"column":32},"end":{"line":36,"column":46}},"21":{"start":{"line":38,"column":20},"end":{"line":43,"column":8}},"22":{"start":{"line":38,"column":61},"end":{"line":43,"column":5}},"23":{"start":{"line":39,"column":4},"end":{"line":39,"column":null}},"24":{"start":{"line":40,"column":23},"end":{"line":40,"column":54}},"25":{"start":{"line":41,"column":4},"end":{"line":41,"column":null}},"26":{"start":{"line":42,"column":4},"end":{"line":42,"column":null}},"27":{"start":{"line":45,"column":2},"end":{"line":47,"column":null}},"28":{"start":{"line":46,"column":4},"end":{"line":46,"column":null}},"29":{"start":{"line":49,"column":2},"end":{"line":49,"column":null}},"30":{"start":{"line":52,"column":0},"end":{"line":52,"column":null}}},"fnMap":{"0":{"name":"(anonymous_7)","decl":{"start":{"line":5,"column":14},"end":{"line":5,"column":15}},"loc":{"start":{"line":5,"column":30},"end":{"line":5,"column":79}}},"1":{"name":"(anonymous_8)","decl":{"start":{"line":5,"column":42},"end":{"line":5,"column":43}},"loc":{"start":{"line":5,"column":55},"end":{"line":5,"column":78}}},"2":{"name":"(anonymous_9)","decl":{"start":{"line":8,"column":21},"end":{"line":8,"column":22}},"loc":{"start":{"line":8,"column":45},"end":{"line":19,"column":1}}},"3":{"name":"(anonymous_10)","decl":{"start":{"line":21,"column":22},"end":{"line":21,"column":29}},"loc":{"start":{"line":21,"column":72},"end":{"line":32,"column":null}}},"4":{"name":"(anonymous_11)","decl":{"start":{"line":21,"column":72},"end":{"line":21,"column":null}},"loc":{"start":{"line":21,"column":72},"end":{"line":32,"column":1}}},"5":{"name":"(anonymous_12)","decl":{"start":{"line":24,"column":46},"end":{"line":24,"column":47}},"loc":{"start":{"line":24,"column":60},"end":{"line":24,"column":83}}},"6":{"name":"(anonymous_13)","decl":{"start":{"line":28,"column":4},"end":{"line":28,"column":5}},"loc":{"start":{"line":30,"column":6},"end":{"line":30,"column":113}}},"7":{"name":"(anonymous_14)","decl":{"start":{"line":34,"column":22},"end":{"line":34,"column":23}},"loc":{"start":{"line":34,"column":46},"end":{"line":50,"column":1}}},"8":{"name":"(anonymous_15)","decl":{"start":{"line":38,"column":32},"end":{"line":38,"column":39}},"loc":{"start":{"line":38,"column":61},"end":{"line":43,"column":5}}},"9":{"name":"(anonymous_16)","decl":{"start":{"line":38,"column":61},"end":{"line":38,"column":null}},"loc":{"start":{"line":38,"column":61},"end":{"line":43,"column":3}}},"10":{"name":"(anonymous_17)","decl":{"start":{"line":45,"column":12},"end":{"line":45,"column":15}},"loc":{"start":{"line":45,"column":17},"end":{"line":47,"column":3}}}},"branchMap":{"0":{"loc":{"start":{"line":14,"column":11},"end":{"line":14,"column":70}},"type":"binary-expr","locations":[{"start":{"line":14,"column":11},"end":{"line":14,"column":62}},{"start":{"line":14,"column":66},"end":{"line":14,"column":70}}]},"1":{"loc":{"start":{"line":14,"column":11},"end":{"line":14,"column":62}},"type":"cond-expr","locations":[{"start":{"line":14,"column":58},"end":{"line":14,"column":62}},{"start":{"line":14,"column":58},"end":{"line":14,"column":62}}]},"2":{"loc":{"start":{"line":14,"column":11},"end":{"line":14,"column":62}},"type":"binary-expr","locations":[{"start":{"line":14,"column":11},"end":{"line":14,"column":62}},{"start":{"line":14,"column":58},"end":{"line":14,"column":62}}]},"3":{"loc":{"start":{"line":23,"column":2},"end":{"line":23,"column":null}},"type":"if","locations":[{"start":{"line":23,"column":2},"end":{"line":23,"column":null}}]},"4":{"loc":{"start":{"line":30,"column":6},"end":{"line":30,"column":113}},"type":"binary-expr","locations":[{"start":{"line":30,"column":6},"end":{"line":30,"column":58}},{"start":{"line":30,"column":62},"end":{"line":30,"column":113}}]}},"s":{"0":1,"1":1,"2":1,"3":0,"4":0,"5":1,"6":0,"7":0,"8":1,"9":0,"10":0,"11":0,"12":0,"13":0,"14":0,"15":0,"16":0,"17":0,"18":1,"19":0,"20":0,"21":0,"22":0,"23":0,"24":0,"25":0,"26":0,"27":0,"28":0,"29":0,"30":1},"f":{"0":0,"1":0,"2":0,"3":0,"4":0,"5":0,"6":0,"7":0,"8":0,"9":0,"10":0},"b":{"0":[0,0],"1":[0,0],"2":[0,0],"3":[0],"4":[0,0]}}
,"C:\\Users\\usersgd\\Desktop\\Talha_Projects\\agile-content-search\\src\\utils\\test\\constant.ts": {"path":"C:\\Users\\usersgd\\Desktop\\Talha_Projects\\agile-content-search\\src\\utils\\test\\constant.ts","statementMap":{"0":{"start":{"line":3,"column":13},"end":{"line":20,"column":null}}},"fnMap":{},"branchMap":{},"s":{"0":2},"f":{},"b":{}}
,"C:\\Users\\usersgd\\Desktop\\Talha_Projects\\agile-content-search\\src\\utils\\test\\renderWithRouter.tsx": {"path":"C:\\Users\\usersgd\\Desktop\\Talha_Projects\\agile-content-search\\src\\utils\\test\\renderWithRouter.tsx","statementMap":{"0":{"start":{"line":1,"column":0},"end":{"line":1,"column":47}},"1":{"start":{"line":2,"column":0},"end":{"line":2,"column":58}},"2":{"start":{"line":4,"column":32},"end":{"line":4,"column":86}},"3":{"start":{"line":4,"column":57},"end":{"line":4,"column":86}},"4":{"start":{"line":4,"column":13},"end":{"line":4,"column":32}}},"fnMap":{"0":{"name":"(anonymous_0)","decl":{"start":{"line":4,"column":32},"end":{"line":4,"column":33}},"loc":{"start":{"line":4,"column":57},"end":{"line":4,"column":86}}}},"branchMap":{},"s":{"0":2,"1":2,"2":2,"3":11,"4":2},"f":{"0":11},"b":{}}
}
